<?xml version="1.0" encoding="UTF-8" ?>
<testsuite tests="3" failures="0" name="openweathermap.api.query.QueryBuilderTest" time="0" errors="0" skipped="0">
  <properties>
[...]
</properties>
  <testcase classname="openweathermap.api.query.QueryBuilderTest" name="testBuildMissingAppIdQuery" time="0"/>
  <testcase classname="openweathermap.api.query.QueryBuilderTest" name="testBuildStandardQuery2" time="0"/>
  <testcase classname="openweathermap.api.query.QueryBuilderTest" name="testBuildStandardQuery" time="0"/>
</testsuite>